
D: \Games\Project Reality\mods\pr_repo\objects\staticobjects\test > bf2mesh_tester.exe ..\Bridges\EoD_Bridge_Big\Meshes\eod_bridge_big.staticmesh
---------------------------------------------
MeshMan v0.1
By Remdul(www.bytehazard.com)
For Forgotten Hope Mod(www.fhmod.org)
---------------------------------------------
Input: ..\Bridges\EoD_Bridge_Big\Meshes\eod_bridge_big.staticmesh
Using StaticMesh profile...

head start at 20
 u1: 0
 version: 4
 u3: 0
 u4: 0
 u5: 0
head end at 20

u1: 0

geom table start at 21
 geomnum: 1
  lodnum: 1
geom table end at 29

attrib block at 29
 vertattribnum: 10
 attrib[0]: 0 0 2 0
 attrib[1]: 0 12 2 3
 attrib[2]: 0 24 4 2
 attrib[3]: 0 28 1 5
 attrib[4]: 0 36 1 261
 attrib[5]: 0 44 1 517
 attrib[6]: 0 52 1 773
 attrib[7]: 0 60 1 1029
 attrib[8]: 0 68 2 6
 attrib[9]: 255 0 17 0
attrib block end at 113

vertex block start at 113
 vertformat: 4
 vertstride: 80
 vertnum: 808
 vert[0]: -536870912
 vert[1]: -536870912
 vert[2]: -536870912
 vert[3]: -536870912
 vert[4]: -536870912
 vert[5]: -536870912
 vert[6]: 0
 vert[7]: -1073741824
 vert[8]: -2147483648
 vert[9]: -1073741824
 vert[10]: 0
 vert[11]: 536870912
 vert[12]: 0
 vert[13]: -1073741824
 vert[14]: -2147483648
 vert[15]: 536870912
 vert[16]: 0
 vert[17]: -536870912
 vert[18]: -536870912
 vert[19]: 1073741824
 vert[20]: 1610612736
 vert[21]: -536870912
 vert[22]: -536870912
 vert[23]: 0
 vert[24]: -1073741824
 vert[25]: 1073741824
 vert[26]: 0
 vert[27]: -2147483648
 vert[28]: -2147483648
 vert[29]: -1073741824
 vert[30]: 0
 vert[31]: 0
 vert[32]: 0
 vert[33]: -2147483648
 vert[34]: -2147483648
 vert[35]: 0
 vert[36]: 0
 vert[37]: -1073741824
 vert[38]: 536870912
 vert[39]: -536870912
 vert[40]: -536870912
 vert[41]: -2147483648
 vert[42]: 1073741824
 vert[43]: 0
 vert[44]: -1073741824
 vert[45]: 1073741824
 vert[46]: 0
 vert[47]: -2147483648
 vert[48]: -2147483648
 vert[49]: 536870912
 vert[50]: -1073741824
 vert[51]: 0
 vert[52]: 0
 vert[53]: -2147483648
 vert[54]: -2147483648
 vert[55]: 0
 vert[56]: 0
 vert[57]: -536870912
 vert[58]: 0
 vert[59]: 1610612736
 vert[60]: 1610612736
 vert[61]: -536870912
 vert[62]: -536870912
 vert[63]: 0
 vert[64]: 0
 vert[65]: 0
 vert[66]: 0
 vert[67]: 536870912
 vert[68]: -2147483648
 vert[69]: -1073741824
 vert[70]: 0
 vert[71]: 0
 vert[72]: 536870912
 vert[73]: 536870912
 vert[74]: -2147483648
 vert[75]: 0
 vert[76]: 536870912
 vert[77]: 0
 vert[78]: -1073741824
 vert[79]: 0
 vert[80]: -536870912
 vert[81]: -536870912
 vert[82]: -536870912
 vert[83]: 0
 vert[84]: 0
 vert[85]: 0
 vert[86]: 0
 vert[87]: -1073741824
 vert[88]: -1073741824
 vert[89]: -1073741824
 vert[90]: 0
 vert[91]: 1073741824
 vert[92]: 0
 vert[93]: -1073741824
 vert[94]: -1073741824
 vert[95]: -2147483648
 vert[96]: 0
 vert[97]: 0
 vert[98]: 0
 vert[99]: 0
 vert[100]: -1610612736
 vert[101]: -2147483648
 vert[102]: -536870912
 vert[103]: 0
 vert[104]: 0
 vert[105]: 0
 vert[106]: 0
 vert[107]: 536870912
 vert[108]: -2147483648
 vert[109]: 1073741824
 vert[110]: 0
 vert[111]: 0
 vert[112]: 0
 vert[113]: 536870912
 vert[114]: -2147483648
 vert[115]: 0
 vert[116]: 0
 vert[117]: 0
 vert[118]: 536870912
 vert[119]: 0
 vert[120]: -536870912
 vert[121]: -1073741824
 vert[122]: -536870912
 vert[123]: 536870912
 vert[124]: -1610612736
 vert[125]: -2147483648
 vert[126]: 0
 vert[127]: -2147483648
 vert[128]: -2147483648
 vert[129]: 536870912
 vert[130]: 0
 vert[131]: 0
 vert[132]: 0
 vert[133]: -2147483648
 vert[134]: -2147483648
 vert[135]: -1073741824
 vert[136]: 0
 vert[137]: -1610612736
 vert[138]: 536870912
 vert[139]: -2147483648
 vert[140]: 1610612736
 vert[141]: -536870912
 vert[142]: -536870912
 vert[143]: 1610612736
 vert[144]: 1610612736
 vert[145]: -1073741824
 vert[146]: 0
 vert[147]: -1073741824
 vert[148]: -2147483648
 vert[149]: 0
 vert[150]: 0
 vert[151]: -1073741824
 vert[152]: 0
 vert[153]: -1073741824
 vert[154]: -2147483648
 vert[155]: -2147483648
 vert[156]: 0
 vert[157]: -2147483648
 vert[158]: 1610612736
 vert[159]: 1073741824
 vert[160]: 0
 vert[161]: 536870912
 vert[162]: 1073741824
 vert[163]: 536870912
 vert[164]: -1610612736
 vert[165]: -2147483648
 vert[166]: 0
 vert[167]: -2147483648
 vert[168]: -2147483648
 vert[169]: -1073741824
 vert[170]: -1073741824
 vert[171]: 0
 vert[172]: 0
 vert[173]: -2147483648
 vert[174]: -2147483648
 vert[175]: 0
 vert[176]: 0
 vert[177]: -1610612736
 vert[178]: 536870912
 vert[179]: 536870912
 vert[180]: 0
 vert[181]: 1610612736
 vert[182]: -536870912
 vert[183]: 0
 vert[184]: 0
 vert[185]: 0
 vert[186]: 0
 vert[187]: 536870912
 vert[188]: 0
 vert[189]: -2147483648
 vert[190]: 0
 vert[191]: 0
 vert[192]: 0
 vert[193]: 536870912
 vert[194]: 0
 vert[195]: 0
 vert[196]: 0
 vert[197]: 0
 vert[198]: 0
 vert[199]: 0
 vert[200]: 1610612736
 vert[201]: -536870912
 vert[202]: -536870912
 vert[203]: 0
 vert[204]: 0
 vert[205]: 0
 vert[206]: 0
 vert[207]: 0
 vert[208]: -2147483648
 vert[209]: 0
 vert[210]: 0
 vert[211]: -1073741824
 vert[212]: 0
 vert[213]: 0
 vert[214]: -2147483648
 vert[215]: -2147483648
 vert[216]: 0
 vert[217]: -536870912
 vert[218]: 1073741824
 vert[219]: 0
 vert[220]: -536870912
 vert[221]: -1073741824
 vert[222]: -536870912
 vert[223]: 0
 vert[224]: 0
 vert[225]: 0
 vert[226]: 0
 vert[227]: 1073741824
 vert[228]: 0
 vert[229]: 536870912
 vert[230]: 0
 vert[231]: 0
 vert[232]: 536870912
 vert[233]: 1073741824
 vert[234]: 0
 vert[235]: 0
 vert[236]: 536870912
 vert[237]: 0
 vert[238]: -2147483648
 vert[239]: 0
 vert[240]: -2147483648
 vert[241]: 536870912
 vert[242]: 1073741824
 vert[243]: 536870912
 vert[244]: -1610612736
 vert[245]: 1610612736
 vert[246]: 0
 vert[247]: -2147483648
 vert[248]: -2147483648
 vert[249]: 536870912
 vert[250]: -1073741824
 vert[251]: -1610612736
 vert[252]: 0
 vert[253]: -2147483648
 vert[254]: -2147483648
 vert[255]: 0
 vert[256]: 0
 vert[257]: -1610612736
 vert[258]: 536870912
 vert[259]: 0
 vert[260]: -536870912
 vert[261]: -2147483648
 vert[262]: 1073741824
 vert[263]: 0
 vert[264]: -1073741824
 vert[265]: 1073741824
 vert[266]: 0
 vert[267]: -2147483648
 vert[268]: -2147483648
 vert[269]: 536870912
 vert[270]: -1073741824
 vert[271]: 0
 vert[272]: 0
 vert[273]: -2147483648
 vert[274]: -2147483648
 vert[275]: 0
 vert[276]: 0
 vert[277]: -536870912
 vert[278]: 0
 vert[279]: 1610612736
 vert[280]: 1610612736
 vert[281]: -536870912
 vert[282]: -536870912
 vert[283]: 0
 vert[284]: -1073741824
 vert[285]: 1073741824
 vert[286]: 0
 vert[287]: 0
 vert[288]: 0
 vert[289]: -1073741824
 vert[290]: 0
 vert[291]: 0
 vert[292]: 0
 vert[293]: 0
 vert[294]: 0
 vert[295]: 0
 vert[296]: 0
 vert[297]: -1073741824
 vert[298]: 536870912
 vert[299]: -536870912
 vert[300]: 0
 vert[301]: 1610612736
 vert[302]: 1610612736
 vert[303]: 0
 vert[304]: -1610612736
 vert[305]: 0
 vert[306]: 0
 vert[307]: 1073741824
 vert[308]: -2147483648
 vert[309]: -1073741824
 vert[310]: 536870912
 vert[311]: 0
 vert[312]: 0
 vert[313]: 1073741824
 vert[314]: -2147483648
 vert[315]: 0
 vert[316]: 0
 vert[317]: 1073741824
 vert[318]: 0
 vert[319]: 1610612736
 vert[320]: -536870912
 vert[321]: -2147483648
 vert[322]: 1073741824
 vert[323]: 536870912
 vert[324]: 0
 vert[325]: 0
 vert[326]: 0
 vert[327]: -536870912
 vert[328]: 0
 vert[329]: 536870912
 vert[330]: -1073741824
 vert[331]: 0
 vert[332]: 0
 vert[333]: -536870912
 vert[334]: 0
 vert[335]: -2147483648
 vert[336]: 0
 vert[337]: -2147483648
 vert[338]: 536870912
 vert[339]: -1610612736
 vert[340]: -2147483648
 vert[341]: 536870912
 vert[342]: 1073741824
 vert[343]: 1073741824
 vert[344]: -1073741824
 vert[345]: 0
 vert[346]: 0
 vert[347]: -2147483648
 vert[348]: -1073741824
 vert[349]: 536870912
 vert[350]: -1073741824
 vert[351]: 0
 vert[352]: 1073741824
 vert[353]: -2147483648
 vert[354]: -1073741824
 vert[355]: 0
 vert[356]: 536870912
 vert[357]: 1610612736
 vert[358]: -2147483648
 vert[359]: 1610612736
 vert[360]: -1073741824
 vert[361]: -2147483648
 vert[362]: 1073741824
 vert[363]: -536870912
 vert[364]: -536870912
 vert[365]: 1610612736
 vert[366]: 0
 vert[367]: -2147483648
 vert[368]: -2147483648
 vert[369]: -1073741824
 vert[370]: -1073741824
 vert[371]: -1610612736
 vert[372]: 0
 vert[373]: -2147483648
 vert[374]: -2147483648
 vert[375]: 1610612736
 vert[376]: 0
 vert[377]: -1073741824
 vert[378]: 536870912
 vert[379]: -2147483648
 vert[380]: -1073741824
 vert[381]: -2147483648
 vert[382]: 1073741824
 vert[383]: -1073741824
 vert[384]: -1073741824
 vert[385]: 0
 vert[386]: 0
 vert[387]: 1073741824
 vert[388]: -2147483648
 vert[389]: -1073741824
 vert[390]: -1073741824
 vert[391]: 0
 vert[392]: 1073741824
 vert[393]: 1073741824
 vert[394]: -2147483648
 vert[395]: 0
 vert[396]: 536870912
 vert[397]: -2147483648
 vert[398]: -2147483648
 vert[399]: 1610612736
 vert[400]: 0
 vert[401]: 536870912
 vert[402]: 1073741824
 vert[403]: -2147483648
 vert[404]: -1073741824
 vert[405]: 0
 vert[406]: 0
 vert[407]: 0
 vert[408]: -1073741824
 vert[409]: -1073741824
 vert[410]: -1073741824
 vert[411]: 0
 vert[412]: 0
 vert[413]: 0
 vert[414]: -1073741824
 vert[415]: -2147483648
 vert[416]: 0
 vert[417]: 0
 vert[418]: -2147483648
 vert[419]: -1610612736
 vert[420]: 0
 vert[421]: -1073741824
 vert[422]: 1610612736
 vert[423]: 0
 vert[424]: 0
 vert[425]: 0
 vert[426]: 0
 vert[427]: -1073741824
 vert[428]: -2147483648
 vert[429]: 1073741824
 vert[430]: 536870912
 vert[431]: 0
 vert[432]: 0
 vert[433]: -1073741824
 vert[434]: -2147483648
 vert[435]: 0
 vert[436]: 0
 vert[437]: 536870912
 vert[438]: -536870912
 vert[439]: 1610612736
 vert[440]: 1610612736
 vert[441]: 0
 vert[442]: 1073741824
 vert[443]: 0
 vert[444]: 0
 vert[445]: 0
 vert[446]: 0
 vert[447]: -2147483648
 vert[448]: 0
 vert[449]: -536870912
vertex block end at 64765

index block start at 64765
 indexnum: 1176
index block end at 67121

u2: 8

nodes chunk start at 67125
 geom 0 start
  lod 0 start
  min: (-3.989627, -6.159069, -21.186171)
  max: (4.005217, 1.816420, 20.854630)
  bounds end at 67149
   nodenum: 3
   node data
size of matrix4 = 64
size of node = 192
node[0] = 0.000000
node[1] = 0.000000
node[2] = 0.000000
node[3] = 0.000000
node[4] = -0.000000
node[5] = -60539778500895675000000000000000000000.000000
node[6] = 0.000000
node[7] = 0.000461
node[8] = 1338183313589298600000000000000000000000000000000000000000000000000000000000000000000000000000000000000000000000000000000000000000000000000000000000000000000000000000000000000000000000000000000000000000000000000000000000000000000000000000000000000000000000000000000000000000000000000000000000000000000000000.000000
node[9] = -0.120083
node[10] = -1.  # QNAN0
node[11] = 0.000000
node[12] = 0.000000
node[13] = 0.000000
node[14] = 0.000000
node[15] = 0.000000
  lod 0 end at 67357
 geom 0 end at 67357
nodes chunk end at 67357

geom 0 start at 67357
 lod 0 start
  matnum: 2
  mat 0 start at 67361
pos before Aflag 67361 
   alphamode: 0
pos before string 67365 
pos after 67382 
   fxfile: StaticMesh.fx
   matname: BaseNDetail
   mapnum: 3
    map 0: objects/staticobjects/textures/wdbrdg_wd1_c.dds
    map 1: objects/staticobjects/textures/wdbrdg_wd1_b.dds
    map 2: Common\Textures\SpecularLUT_pow36.dds
   vstart: 0
   istart: 0
   inum: 1164
   vnum: 800
   u4: 2088820921
   u5: 0
   u6: 0
  mat 0 end at 67568
  mat 1 start at 67568
pos before Aflag 67568 
   alphamode: 0
pos before string 67572 
pos after 67589 
   fxfile: StaticMesh.fx
   matname: BaseNDetail
   mapnum: 3
    map 0: objects/staticobjects/textures/wdbrdg_wd_c.dds
    map 1: objects/staticobjects/textures/wdbrdg_wd_b.dds
    map 2: Common\Textures\SpecularLUT_pow36.dds
   vstart: 800
   istart: 1164
   inum: 12
   vnum: 8
   u4: 2088820921
   u5: 0
   u6: 0
  mat 1 end at 67773
 lod 0 end
geom 0 block end at 67773

done reading 67773
file size is 67773

---------------------------------------------

D:\Games\Project Reality\mods\pr_repo\objects\staticobjects\test>bf2mesh_tester.exe evil_box1\Meshes\evil_box1.staticmesh 
---------------------------------------------
MeshMan v0.1
By Remdul (www.bytehazard.com)
For Forgotten Hope Mod (www.fhmod.org)
---------------------------------------------
Input: evil_box1\Meshes\evil_box1.staticmesh
Using StaticMesh profile...

head start at 20
 u1: 0
 version: 11
 u3: 0
 u4: 0
 u5: 0
head end at 20

u1: 0

geom table start at 21
 geomnum: 1
  lodnum: 1
geom table end at 29

attrib block at 29
 vertattribnum: 9
 attrib[0]: 0 0 2 0
 attrib[1]: 0 12 2 3
 attrib[2]: 0 24 4 2
 attrib[3]: 0 28 1 5
 attrib[4]: 0 36 1 261
 attrib[5]: 0 44 1 517
 attrib[6]: 0 52 1 773
 attrib[7]: 0 60 2 6
 attrib[8]: 255 0 17 0
attrib block end at 105

vertex block start at 105
 vertformat: 4
 vertstride: 72
 vertnum: 25
 vert[0]: 0
 vert[1]: 0
 vert[2]: 0
 vert[3]: 0
 vert[4]: 0
 vert[5]: 0
 vert[6]: 0
 vert[7]: -2147483648
 vert[8]: -1073741824
 vert[9]: -2147483648
 vert[10]: -1073741824
 vert[11]: -2147483648
 vert[12]: -1073741824
 vert[13]: -2147483648
 vert[14]: -1073741824
 vert[15]: 536870912
 vert[16]: 0
 vert[17]: -1073741824
 vert[18]: 0
 vert[19]: 0
 vert[20]: 0
 vert[21]: 0
 vert[22]: 0
 vert[23]: 0
 vert[24]: 0
 vert[25]: -536870912
 vert[26]: 1610612736
 vert[27]: -536870912
 vert[28]: 1610612736
 vert[29]: -536870912
 vert[30]: 1610612736
 vert[31]: -536870912
 vert[32]: 1610612736
 vert[33]: 0
 vert[34]: 0
 vert[35]: 536870912
 vert[36]: 0
 vert[37]: 0
 vert[38]: 0
 vert[39]: 0
 vert[40]: 0
 vert[41]: 0
 vert[42]: 0
 vert[43]: 0
 vert[44]: -536870912
 vert[45]: 0
 vert[46]: -536870912
 vert[47]: 0
 vert[48]: -536870912
 vert[49]: 0
 vert[50]: -536870912
 vert[51]: -536870912
 vert[52]: 0
 vert[53]: 0
 vert[54]: 0
 vert[55]: 0
 vert[56]: 0
 vert[57]: 0
 vert[58]: 0
 vert[59]: 0
 vert[60]: 0
 vert[61]: 0
 vert[62]: -2147483648
 vert[63]: 0
 vert[64]: -2147483648
 vert[65]: 0
 vert[66]: -2147483648
 vert[67]: 0
 vert[68]: -2147483648
 vert[69]: -2147483648
 vert[70]: 0
 vert[71]: -2147483648
 vert[72]: 0
 vert[73]: 0
 vert[74]: 0
 vert[75]: 0
 vert[76]: 0
 vert[77]: 0
 vert[78]: 0
 vert[79]: -1073741824
 vert[80]: 0
 vert[81]: -1073741824
 vert[82]: 0
 vert[83]: -1073741824
 vert[84]: 0
 vert[85]: -1073741824
 vert[86]: 0
 vert[87]: -536870912
 vert[88]: 0
 vert[89]: 0
 vert[90]: 0
 vert[91]: 0
 vert[92]: 0
 vert[93]: 0
 vert[94]: 0
 vert[95]: 0
 vert[96]: 0
 vert[97]: -1073741824
 vert[98]: 0
 vert[99]: -1073741824
 vert[100]: 0
 vert[101]: -1073741824
 vert[102]: 0
 vert[103]: -1073741824
 vert[104]: 0
 vert[105]: -536870912
 vert[106]: 0
 vert[107]: 0
 vert[108]: 0
 vert[109]: 0
 vert[110]: 0
 vert[111]: 0
 vert[112]: 0
 vert[113]: 0
 vert[114]: 0
 vert[115]: 0
 vert[116]: 0
 vert[117]: 0
 vert[118]: 0
 vert[119]: 0
 vert[120]: 0
 vert[121]: 0
 vert[122]: 0
 vert[123]: -536870912
 vert[124]: 0
 vert[125]: 0
 vert[126]: 0
 vert[127]: 0
 vert[128]: 0
 vert[129]: 0
 vert[130]: 0
 vert[131]: 0
 vert[132]: 0
 vert[133]: 0
 vert[134]: 0
 vert[135]: 0
 vert[136]: 0
 vert[137]: 0
 vert[138]: 0
 vert[139]: 0
 vert[140]: 0
 vert[141]: -536870912
 vert[142]: 0
 vert[143]: 0
 vert[144]: 0
 vert[145]: 0
 vert[146]: 0
 vert[147]: 0
 vert[148]: 0
 vert[149]: 0
 vert[150]: 0
 vert[151]: 0
 vert[152]: 1610612736
 vert[153]: 0
 vert[154]: 1610612736
 vert[155]: 0
 vert[156]: 1610612736
 vert[157]: 0
 vert[158]: 1610612736
 vert[159]: -536870912
 vert[160]: 0
 vert[161]: 0
 vert[162]: 0
 vert[163]: 0
 vert[164]: 0
 vert[165]: 0
 vert[166]: 0
 vert[167]: 0
 vert[168]: 0
 vert[169]: 0
 vert[170]: -2147483648
 vert[171]: 0
 vert[172]: -2147483648
 vert[173]: 0
 vert[174]: -2147483648
 vert[175]: 0
 vert[176]: -2147483648
 vert[177]: -536870912
 vert[178]: 0
 vert[179]: 0
 vert[180]: 0
 vert[181]: 0
 vert[182]: 0
 vert[183]: 0
 vert[184]: 0
 vert[185]: 0
 vert[186]: 0
 vert[187]: -2147483648
 vert[188]: -2147483648
 vert[189]: -2147483648
 vert[190]: -2147483648
 vert[191]: -2147483648
 vert[192]: -2147483648
 vert[193]: -2147483648
 vert[194]: -2147483648
 vert[195]: -536870912
 vert[196]: 0
 vert[197]: 0
 vert[198]: 0
 vert[199]: 0
 vert[200]: 0
 vert[201]: 0
 vert[202]: 0
 vert[203]: 0
 vert[204]: 0
 vert[205]: -2147483648
 vert[206]: 1610612736
 vert[207]: -2147483648
 vert[208]: 1610612736
 vert[209]: -2147483648
 vert[210]: 1610612736
 vert[211]: -2147483648
 vert[212]: 1610612736
 vert[213]: -536870912
 vert[214]: 0
 vert[215]: 0
 vert[216]: 0
 vert[217]: 0
 vert[218]: 0
 vert[219]: 0
 vert[220]: 0
 vert[221]: 0
 vert[222]: 0
 vert[223]: -1610612736
 vert[224]: -2147483648
 vert[225]: -1610612736
 vert[226]: -2147483648
 vert[227]: -1610612736
 vert[228]: -2147483648
 vert[229]: -1610612736
 vert[230]: -2147483648
 vert[231]: 0
 vert[232]: 0
 vert[233]: -536870912
 vert[234]: 0
 vert[235]: 0
 vert[236]: 0
 vert[237]: 0
 vert[238]: 0
 vert[239]: 0
 vert[240]: 0
 vert[241]: -1610612736
 vert[242]: -1610612736
 vert[243]: -1610612736
 vert[244]: -1610612736
 vert[245]: -1610612736
 vert[246]: -1610612736
 vert[247]: -1610612736
 vert[248]: -1610612736
 vert[249]: 0
 vert[250]: 0
 vert[251]: 0
 vert[252]: 0
 vert[253]: 0
 vert[254]: 0
 vert[255]: 0
 vert[256]: 0
 vert[257]: 0
 vert[258]: 0
 vert[259]: 0
 vert[260]: 0
 vert[261]: 536870912
 vert[262]: -1610612736
 vert[263]: 0
 vert[264]: 0
 vert[265]: 0
 vert[266]: 0
 vert[267]: 0
 vert[268]: 0
 vert[269]: -536870912
 vert[270]: 0
 vert[271]: 0
 vert[272]: 0
 vert[273]: 0
 vert[274]: 0
 vert[275]: 0
 vert[276]: 0
 vert[277]: 536870912
 vert[278]: -2147483648
 vert[279]: 536870912
 vert[280]: -2147483648
 vert[281]: 536870912
 vert[282]: -2147483648
 vert[283]: 536870912
 vert[284]: -2147483648
 vert[285]: 0
 vert[286]: 0
 vert[287]: -536870912
 vert[288]: 0
 vert[289]: 0
 vert[290]: 0
 vert[291]: 0
 vert[292]: 0
 vert[293]: 0
 vert[294]: 0
 vert[295]: 1610612736
 vert[296]: 1073741824
 vert[297]: 1610612736
 vert[298]: 1073741824
 vert[299]: 1610612736
 vert[300]: 1073741824
 vert[301]: 1610612736
 vert[302]: 1073741824
 vert[303]: -536870912
 vert[304]: 0
 vert[305]: 0
 vert[306]: 0
 vert[307]: 0
 vert[308]: 0
 vert[309]: 0
 vert[310]: 0
 vert[311]: 0
 vert[312]: 0
 vert[313]: 1610612736
 vert[314]: -1073741824
 vert[315]: 1610612736
 vert[316]: -1073741824
 vert[317]: 1610612736
 vert[318]: -1073741824
 vert[319]: 1610612736
 vert[320]: -1073741824
 vert[321]: -536870912
 vert[322]: 0
 vert[323]: 0
 vert[324]: 0
 vert[325]: 0
 vert[326]: 0
 vert[327]: 0
 vert[328]: 0
 vert[329]: 0
 vert[330]: 0
 vert[331]: 1073741824
 vert[332]: -1073741824
 vert[333]: 1073741824
 vert[334]: -1073741824
 vert[335]: 1073741824
 vert[336]: -1073741824
 vert[337]: 1073741824
 vert[338]: -1073741824
 vert[339]: -536870912
 vert[340]: 0
 vert[341]: 0
 vert[342]: 0
 vert[343]: 0
 vert[344]: 0
 vert[345]: 0
 vert[346]: 0
 vert[347]: 0
 vert[348]: 0
 vert[349]: 1073741824
 vert[350]: 1073741824
 vert[351]: 1073741824
 vert[352]: 1073741824
 vert[353]: 1073741824
 vert[354]: 1073741824
 vert[355]: 1073741824
 vert[356]: 1073741824
 vert[357]: -536870912
 vert[358]: 0
 vert[359]: 0
 vert[360]: 0
 vert[361]: 0
 vert[362]: 0
 vert[363]: 0
 vert[364]: 0
 vert[365]: 0
 vert[366]: 0
 vert[367]: 1610612736
 vert[368]: 536870912
 vert[369]: 1610612736
 vert[370]: 536870912
 vert[371]: 1610612736
 vert[372]: 536870912
 vert[373]: 1610612736
 vert[374]: 536870912
 vert[375]: 0
 vert[376]: 0
 vert[377]: -536870912
 vert[378]: 0
 vert[379]: 0
 vert[380]: 0
 vert[381]: 0
 vert[382]: 0
 vert[383]: 0
 vert[384]: 0
 vert[385]: 1610612736
 vert[386]: 1073741824
 vert[387]: 1610612736
 vert[388]: 1073741824
 vert[389]: 1610612736
 vert[390]: 1073741824
 vert[391]: 1610612736
 vert[392]: 1073741824
 vert[393]: 0
 vert[394]: 0
 vert[395]: -536870912
 vert[396]: 0
 vert[397]: 0
 vert[398]: 0
 vert[399]: 0
 vert[400]: 0
 vert[401]: 0
 vert[402]: 0
 vert[403]: 1073741824
 vert[404]: 1073741824
 vert[405]: 1073741824
 vert[406]: 1073741824
 vert[407]: 1073741824
 vert[408]: 1073741824
 vert[409]: 1073741824
 vert[410]: 1073741824
 vert[411]: 0
 vert[412]: 0
 vert[413]: -536870912
 vert[414]: 0
 vert[415]: 0
 vert[416]: 0
 vert[417]: 0
 vert[418]: 0
 vert[419]: 0
 vert[420]: 0
 vert[421]: 1073741824
 vert[422]: 536870912
 vert[423]: 1073741824
 vert[424]: 536870912
 vert[425]: 1073741824
 vert[426]: 536870912
 vert[427]: 1073741824
 vert[428]: 536870912
 vert[429]: 0
 vert[430]: 0
 vert[431]: -536870912
 vert[432]: 0
 vert[433]: 0
 vert[434]: 0
 vert[435]: 0
 vert[436]: 0
 vert[437]: 0
 vert[438]: 0
 vert[439]: 536870912
 vert[440]: -1610612736
 vert[441]: 536870912
 vert[442]: -1610612736
 vert[443]: 536870912
 vert[444]: -1610612736
 vert[445]: 536870912
 vert[446]: -1610612736
 vert[447]: 0
 vert[448]: 0
 vert[449]: -536870912
vertex block end at 1917

index block start at 1917
 indexnum: 36
index block end at 1993

u2: 8

nodes chunk start at 1997
 geom 0 start
  lod 0 start
  min: (-0.500000,0.000000,-0.500000)
  max: (0.500000,1.000000,0.500000)
  bounds end at 2021
   nodenum: 1
   node data
size of matrix4 = 64 
size of node = 64 
node[0] = 0.000000 
node[1] = 0.000000 
node[2] = -0.000000 
node[3] = -6466470811086962700000000000000000000000000000000000000000000000000000000000000000000000000000000000000000000000000000000000000000000000000000000000000000.000000 
node[4] = 0.000000 
node[5] = 0.000000 
node[6] = 0.000000 
node[7] = 26649889881283005000000000000000000000000000000000000000000000000000000000000000000000000000000000000000000000000000000000000000000000000000000000000000000000000000000000000000000000000000000000000000000000000000000000000000000000000000000000000000000000000000000.000000 
node[8] = 0.000000 
node[9] = 0.000000 
node[10] = 0.000000 
node[11] = 0.000000 
node[12] = 0.000000 
node[13] = 0.000000 
node[14] = -0.000031 
node[15] = 0.000000 
  lod 0 end at 2089
 geom 0 end at 2089
nodes chunk end at 2089

geom 0 start at 2089
 lod 0 start
  matnum: 1
  mat 0 start at 2093
pos before Aflag 2093 
   alphamode: 0
pos before string 2097 
pos after 2114 
   fxfile: StaticMesh.fx
   matname: Base
   mapnum: 2
    map 0: objects/staticobjects/test/evil_box1/textures/evil_box1_c.dds
    map 1: Common\Textures\SpecularLUT_pow36.dds
   vstart: 0
   istart: 0
   inum: 36
   vnum: 25
   u4: 8064
   u5: 65535
   u6: 0
  mat 0 end at 2280
 lod 0 end
geom 0 block end at 2280

done reading 2280
file size is 2280

---------------------------------------------
